<?xml version="1.0" encoding="UTF-8"?>
<!-- Generated by org.testng.reporters.JUnitXMLReporter -->
<testsuite hostname="DESKTOP-PTK9AB3" ignored="0" name="Surefire test" tests="2" failures="0" timestamp="2023-03-15T23:49:50 EDT" time="15.869" errors="0">
  <testcase name="runScenario" time="10.834" classname="io.cucumber.testng.AbstractTestNGCucumberTests"/>
  <testcase name="runScenario" time="4.275" classname="io.cucumber.testng.AbstractTestNGCucumberTests"/>
</testsuite> <!-- Surefire test -->
