<?xml version="1.0" encoding="UTF-8"?>
<testng-results skipped="0" failed="0" ignored="0" total="2" passed="2">
  <reporter-output>
  </reporter-output>
  <suite name="Surefire suite" duration-ms="15869" started-at="2023-03-15T23:49:34 EDT" finished-at="2023-03-15T23:49:50 EDT">
    <groups>
      <group name="cucumber">
        <method signature="AbstractTestNGCucumberTests.runScenario(io.cucumber.testng.PickleWrapper, io.cucumber.testng.FeatureWrapper)[pri:0, instance:TestRunner@18c1321]" name="runScenario" class="io.cucumber.testng.AbstractTestNGCucumberTests"/>
      </group> <!-- cucumber -->
    </groups>
    <test name="Surefire test" duration-ms="15869" started-at="2023-03-15T23:49:34 EDT" finished-at="2023-03-15T23:49:50 EDT">
      <class name="TestRunner">
        <test-method status="PASS" signature="setUpClass()[pri:0, instance:TestRunner@18c1321]" name="setUpClass" is-config="true" duration-ms="489" started-at="2023-03-15T23:49:34 EDT" finished-at="2023-03-15T23:49:34 EDT">
          <reporter-output>
          </reporter-output>
        </test-method> <!-- setUpClass -->
        <test-method status="PASS" signature="runScenario(io.cucumber.testng.PickleWrapper, io.cucumber.testng.FeatureWrapper)[pri:0, instance:TestRunner@18c1321]" name="runScenario" duration-ms="10834" started-at="2023-03-15T23:49:34 EDT" description="Runs Cucumber Scenarios" data-provider="scenarios" finished-at="2023-03-15T23:49:45 EDT">
          <params>
            <param index="0">
              <value>
                <![CDATA["user should able to login with valid email and valid password"]]>
              </value>
            </param>
            <param index="1">
              <value>
                <![CDATA["Optional[Login Feature]"]]>
              </value>
            </param>
          </params>
          <reporter-output>
          </reporter-output>
        </test-method> <!-- runScenario -->
        <test-method status="PASS" signature="runScenario(io.cucumber.testng.PickleWrapper, io.cucumber.testng.FeatureWrapper)[pri:0, instance:TestRunner@18c1321]" name="runScenario" duration-ms="4275" started-at="2023-03-15T23:49:45 EDT" description="Runs Cucumber Scenarios" data-provider="scenarios" finished-at="2023-03-15T23:49:50 EDT">
          <params>
            <param index="0">
              <value>
                <![CDATA["user should not able to login with valid email and invalid password"]]>
              </value>
            </param>
            <param index="1">
              <value>
                <![CDATA["Optional[Login Feature]"]]>
              </value>
            </param>
          </params>
          <reporter-output>
          </reporter-output>
        </test-method> <!-- runScenario -->
        <test-method status="PASS" signature="tearDownClass()[pri:0, instance:TestRunner@18c1321]" name="tearDownClass" is-config="true" duration-ms="217" started-at="2023-03-15T23:49:50 EDT" finished-at="2023-03-15T23:49:50 EDT">
          <reporter-output>
          </reporter-output>
        </test-method> <!-- tearDownClass -->
      </class> <!-- TestRunner -->
    </test> <!-- Surefire test -->
  </suite> <!-- Surefire suite -->
</testng-results>
